{"name": "test_complete_e2e_flow", "status": "broken", "statusDetails": {"message": "Exception: Checkout and cart validation failed: Message: \nStacktrace:\nSymbols not available. Dumping unresolved backtrace:\n\t0x7ff7c45c4435\n\t0x7ff7c45c4490\n\t0x7ff7c435d49d\n\t0x7ff7c43b82fe\n\t0x7ff7c43b860c\n\t0x7ff7c4408b67\n\t0x7ff7c4405728\n\t0x7ff7c43a8e38\n\t0x7ff7c43a9d23\n\t0x7ff7c4893b30\n\t0x7ff7c488e3b8\n\t0x7ff7c48ae72a\n\t0x7ff7c45e07e5\n\t0x7ff7c45e978c\n\t0x7ff7c45cd794\n\t0x7ff7c45cd946\n\t0x7ff7c45b3457\n\t0x7ff8cccce8d7\n\t0x7ff8cd40c40c", "trace": "self = <pages.Cart_Page.CartPage object at 0x0000022CBB183620>\n\n    def proceed_and_validate_cart(self):\n    \n        # 1. Click Proceed To Checkout\n        # 2. Validate cart row totals\n        # 3. Compare with grand total\n        #\n    \n        try:\n    \n            # Step 1: Click Proceed To Checkout\n    \n>           WebDriverWait(self.driver, 10).until(\n                EC.element_to_be_clickable(self.CHECK_OUT)\n            )\n\npages\\Cart_Page.py:24: \n_ _ _ _ _ _ _ _ _ _ _ _ _ _ _ _ _ _ _ _ _ _ _ _ _ _ _ _ _ _ _ _ _ _ _ _ _ _ _ _\n\nself = <selenium.webdriver.support.wait.WebDriverWait (session=\"fd0a4bfd7b1c5dff42f46fa45bcdf6e8\")>\nmethod = <function element_to_be_clickable.<locals>._predicate at 0x0000022CBB047690>\nmessage = ''\n\n    def until(self, method: Callable[[D], Union[Literal[False], T]], message: str = \"\") -> T:\n        \"\"\"Calls the method provided with the driver as an argument until the \\\n        return value does not evaluate to ``False``.\n    \n        :param method: callable(WebDriver)\n        :param message: optional message for :exc:`TimeoutException`\n        :returns: the result of the last call to `method`\n        :raises: :exc:`selenium.common.exceptions.TimeoutException` if timeout occurs\n        \"\"\"\n        screen = None\n        stacktrace = None\n    \n        end_time = time.monotonic() + self._timeout\n        while True:\n            try:\n                value = method(self._driver)\n                if value:\n                    return value\n            except self._ignored_exceptions as exc:\n                screen = getattr(exc, \"screen\", None)\n                stacktrace = getattr(exc, \"stacktrace\", None)\n            time.sleep(self._poll)\n            if time.monotonic() > end_time:\n                break\n>       raise TimeoutException(message, screen, stacktrace)\nE       selenium.common.exceptions.TimeoutException: Message: \nE       Stacktrace:\nE       Symbols not available. Dumping unresolved backtrace:\nE       \t0x7ff7c45c4435\nE       \t0x7ff7c45c4490\nE       \t0x7ff7c435d49d\nE       \t0x7ff7c43b82fe\nE       \t0x7ff7c43b860c\nE       \t0x7ff7c4408b67\nE       \t0x7ff7c4405728\nE       \t0x7ff7c43a8e38\nE       \t0x7ff7c43a9d23\nE       \t0x7ff7c4893b30\nE       \t0x7ff7c488e3b8\nE       \t0x7ff7c48ae72a\nE       \t0x7ff7c45e07e5\nE       \t0x7ff7c45e978c\nE       \t0x7ff7c45cd794\nE       \t0x7ff7c45cd946\nE       \t0x7ff7c45b3457\nE       \t0x7ff8cccce8d7\nE       \t0x7ff8cd40c40c\n\nvenv\\Lib\\site-packages\\selenium\\webdriver\\support\\wait.py:105: TimeoutException\n\nDuring handling of the above exception, another exception occurred:\n\ndriver = <selenium.webdriver.chrome.webdriver.WebDriver (session=\"fd0a4bfd7b1c5dff42f46fa45bcdf6e8\")>\n\n    def test_complete_e2e_flow(driver):\n    \n        # Complete Flow:\n        # 1. Launch application\n        # 2. Register new user\n        # 3. Login with created user\n        # 4. Search product\n        # 5. Add 2 products\n        # 6. Verify cart total\n        # 7. Checkout & Payment\n        # 8. Delete account\n        # 9. Validate deletion\n    \n    \n        home = HomePage(driver)\n        auth = AuthPage(driver)\n        products = ProductsPage(driver)\n        cart = CartPage(driver)\n        payment = PaymentPage(driver)\n    \n        # Step 1 Launch application\n        home.open_application()\n    \n        # Step 2 Register new user\n        home.go_to_login_page()\n        name, email = auth.signup()\n        password = auth.complete_registration(name)\n    \n        # assert auth.is_account_created()\n        auth.click_continue()\n    \n        # Step 3 Logout and Login again with created user\n        home.logout()\n        auth.login(email, password)\n    \n        # Step 4 Go to Products page\n        home.go_to_products_page()\n    \n        # Step 5 Add two different products\n        products.add_men_and_women_products()\n        # products.open_random_product()\n        # products.add_product_to_cart()\n    \n        # driver.back()  # Go back to product listing\n    \n        # products.select_women_saree_category()\n        # products.open_random_product()\n        # products.add_product_to_cart()\n    \n        # Step 6 Go to Cart and verify totals\n        # driver.get(\"https://automationexercise.com/view_cart\")\n>       cart.proceed_and_validate_cart()\n\ntests\\test_Purchase_Flow.py:59: \n_ _ _ _ _ _ _ _ _ _ _ _ _ _ _ _ _ _ _ _ _ _ _ _ _ _ _ _ _ _ _ _ _ _ _ _ _ _ _ _\n\nself = <pages.Cart_Page.CartPage object at 0x0000022CBB183620>\n\n    def proceed_and_validate_cart(self):\n    \n        # 1. Click Proceed To Checkout\n        # 2. Validate cart row totals\n        # 3. Compare with grand total\n        #\n    \n        try:\n    \n            # Step 1: Click Proceed To Checkout\n    \n            WebDriverWait(self.driver, 10).until(\n                EC.element_to_be_clickable(self.CHECK_OUT)\n            )\n    \n            self.click(self.CHECK_OUT)\n    \n    \n            # Step 2: Validate Cart Details\n    \n            rows = self.find_elements(self.CART_ROWS)\n    \n            if not rows:  # If no products found, something is wrong\n                raise Exception(\"No products found in cart.\")\n    \n            row_totals = []  # We will store each product total here\n    \n            for row in rows:\n    \n                # Product Name\n                name = row.find_element(\n                    By.XPATH, \".//td[@class='cart_description']//h4/a\"\n                ).text\n    \n                # Price\n                price = row.find_element(\n                    By.XPATH, \".//td[@class='cart_price']/p\"\n                ).text\n    \n                # Quantity\n                quantity = row.find_element(\n                    By.XPATH, \".//td[@class='cart_quantity']/button\"\n                ).text\n    \n                # Row Total\n                total_text = row.find_element(\n                    By.XPATH, \".//td[@class='cart_total']/p\"\n                ).text\n    \n                total = int(total_text.replace(\"Rs. \", \"\"))  #Convert total from string to integer\n    \n                row_totals.append(total)\n    \n                print(\"Product Name:\", name)\n                print(\"Price:\", price)\n                print(\"Quantity:\", quantity)\n                print(\"Row Total:\", total_text)\n                print(\"----------------------------\")\n    \n    \n            # Step 3: Validate Grand Total\n    \n            calculated_total = sum(row_totals)\n    \n            grand_total_elements = self.find_elements(self.GRAND_TOTAL)\n    \n            if not grand_total_elements:\n                raise Exception(\"Grand total element not found.\")\n    \n            grand_total_text = grand_total_elements[-1].text\n            displayed_total = int(grand_total_text.replace(\"Rs. \", \"\"))\n    \n            print(\"Calculated Grand Total:\", calculated_total)\n            print(\"Displayed Grand Total:\", displayed_total)\n    \n            if calculated_total != displayed_total:\n                raise Exception(\n                    f\"Cart total mismatch. Calculated: {calculated_total}, Displayed: {displayed_total}\"\n                )\n    \n        except Exception as e:\n>           raise Exception(f\"Checkout and cart validation failed: {str(e)}\")\nE           Exception: Checkout and cart validation failed: Message: \nE           Stacktrace:\nE           Symbols not available. Dumping unresolved backtrace:\nE           \t0x7ff7c45c4435\nE           \t0x7ff7c45c4490\nE           \t0x7ff7c435d49d\nE           \t0x7ff7c43b82fe\nE           \t0x7ff7c43b860c\nE           \t0x7ff7c4408b67\nE           \t0x7ff7c4405728\nE           \t0x7ff7c43a8e38\nE           \t0x7ff7c43a9d23\nE           \t0x7ff7c4893b30\nE           \t0x7ff7c488e3b8\nE           \t0x7ff7c48ae72a\nE           \t0x7ff7c45e07e5\nE           \t0x7ff7c45e978c\nE           \t0x7ff7c45cd794\nE           \t0x7ff7c45cd946\nE           \t0x7ff7c45b3457\nE           \t0x7ff8cccce8d7\nE           \t0x7ff8cd40c40c\n\npages\\Cart_Page.py:94: Exception"}, "attachments": [{"name": "Failure Screenshot", "source": "28b0e3e2-cb1d-4283-b03d-6cb71c13a84e-attachment.png", "type": "image/png"}], "start": 1771517086685, "stop": 1771517145020, "uuid": "6b126175-e1a9-406a-9421-4a9692e931e7", "historyId": "fe1796993b88603963cb9b963a3d7c7b", "testCaseId": "fe1796993b88603963cb9b963a3d7c7b", "fullName": "tests.test_Purchase_Flow#test_complete_e2e_flow", "labels": [{"name": "parentSuite", "value": "tests"}, {"name": "suite", "value": "test_Purchase_Flow"}, {"name": "host", "value": "Manoj-Kumar-QA"}, {"name": "thread", "value": "62796-MainThread"}, {"name": "framework", "value": "pytest"}, {"name": "language", "value": "cpython3"}, {"name": "package", "value": "tests.test_Purchase_Flow"}]}