{"name": "test_complete_e2e_flow", "status": "broken", "statusDetails": {"message": "Exception: Adding Men & Women products failed: Message: element click intercepted: Element <a data-toggle=\"collapse\" data-parent=\"#accordian\" href=\"#Men\">...</a> is not clickable at point (59, 433). Other element would receive the click: <iframe id=\"aswift_3\" name=\"aswift_3\" style=\"min-height: auto !important; max-height: none !important; min-width: auto !important; max-width: none !important; width: 100vw !important; height: 100vh !important; inset: 0px auto auto 0px !important; position: absolute !important; clear: none !important; display: inline !important; float: none !important; margin: 0px !important; opacity: 1 !important; overflow: visible !important; padding: 0px !important; vertical-align: baseline !important; visibility: visible !important; z-index: auto !important;\" sandbox=\"allow-forms allow-popups allow-popups-to-escape-sandbox allow-same-origin allow-scripts allow-top-navigation-by-user-activation\" width=\"\" height=\"\" frameborder=\"0\" marginwidth=\"0\" marginheight=\"0\" vspace=\"0\" hspace=\"0\" allowtransparency=\"true\" scrolling=\"no\" allow=\"attribution-reporting; run-ad-auction\" src=\"https://googleads.g.doubleclick.net/pagead/html/r20260217/r20190131/zrt_lookup.html#RS-0-&amp;adk=1812271808&amp;client=ca-pub-1677597403311019&amp;fa=8&amp;ifi=4&amp;uci=a!4\" data-google-container-id=\"a!4\" tabindex=\"0\" title=\"Advertisement\" aria-label=\"Advertisement\" data-google-query-id=\"CIKdv-P25ZIDFcybpgMd6fEqBg\" data-load-complete=\"true\"></iframe>\n  (Session info: chrome=145.0.7632.46)\nStacktrace:\nSymbols not available. Dumping unresolved backtrace:\n\t0x7ff7c45c4435\n\t0x7ff7c45c4490\n\t0x7ff7c435d49d\n\t0x7ff7c43c0845\n\t0x7ff7c43bdf5a\n\t0x7ff7c43bade5\n\t0x7ff7c43b9c97\n\t0x7ff7c43ab1c6\n\t0x7ff7c43e17ca\n\t0x7ff7c43aaa46\n\t0x7ff7c4405728\n\t0x7ff7c43a8e38\n\t0x7ff7c43a9d23\n\t0x7ff7c4893b30\n\t0x7ff7c488e3b8\n\t0x7ff7c48ae72a\n\t0x7ff7c45e07e5\n\t0x7ff7c45e978c\n\t0x7ff7c45cd794\n\t0x7ff7c45cd946\n\t0x7ff7c45b3457\n\t0x7ff8cccce8d7\n\t0x7ff8cd40c40c", "trace": "self = <pages.Product_Page.ProductsPage object at 0x000001A5A46538C0>\n\n    def add_men_and_women_products(self):\n    \n        try:\n    \n            #  MEN FLOW\n    \n            WebDriverWait(self.driver, 10).until(\n                EC.element_to_be_clickable(self.MEN_EXPAND)\n            )\n>           self.click(self.MEN_EXPAND)\n\npages\\Product_Page.py:82: \n_ _ _ _ _ _ _ _ _ _ _ _ _ _ _ _ _ _ _ _ _ _ _ _ _ _ _ _ _ _ _ _ _ _ _ _ _ _ _ _\npages\\Base_page.py:11: in click\n    element.click()\nvenv\\Lib\\site-packages\\selenium\\webdriver\\remote\\webelement.py:94: in click\n    self._execute(Command.CLICK_ELEMENT)\nvenv\\Lib\\site-packages\\selenium\\webdriver\\remote\\webelement.py:395: in _execute\n    return self._parent.execute(command, params)\nvenv\\Lib\\site-packages\\selenium\\webdriver\\remote\\webdriver.py:347: in execute\n    self.error_handler.check_response(response)\n_ _ _ _ _ _ _ _ _ _ _ _ _ _ _ _ _ _ _ _ _ _ _ _ _ _ _ _ _ _ _ _ _ _ _ _ _ _ _ _\n\nself = <selenium.webdriver.remote.errorhandler.ErrorHandler object at 0x000001A5A4653620>\nresponse = {'status': 400, 'value': '{\"value\":{\"error\":\"element click intercepted\",\"message\":\"element click intercepted: Element ...ff7c45e978c\\\\n\\\\t0x7ff7c45cd794\\\\n\\\\t0x7ff7c45cd946\\\\n\\\\t0x7ff7c45b3457\\\\n\\\\t0x7ff8cccce8d7\\\\n\\\\t0x7ff8cd40c40c\\\\n\"}}'}\n\n    def check_response(self, response: Dict[str, Any]) -> None:\n        \"\"\"Checks that a JSON response from the WebDriver does not have an\n        error.\n    \n        :Args:\n         - response - The JSON response from the WebDriver server as a dictionary\n           object.\n    \n        :Raises: If the response contains an error message.\n        \"\"\"\n        status = response.get(\"status\", None)\n        if not status or status == ErrorCode.SUCCESS:\n            return\n        value = None\n        message = response.get(\"message\", \"\")\n        screen: str = response.get(\"screen\", \"\")\n        stacktrace = None\n        if isinstance(status, int):\n            value_json = response.get(\"value\", None)\n            if value_json and isinstance(value_json, str):\n                import json\n    \n                try:\n                    value = json.loads(value_json)\n                    if len(value) == 1:\n                        value = value[\"value\"]\n                    status = value.get(\"error\", None)\n                    if not status:\n                        status = value.get(\"status\", ErrorCode.UNKNOWN_ERROR)\n                        message = value.get(\"value\") or value.get(\"message\")\n                        if not isinstance(message, str):\n                            value = message\n                            message = message.get(\"message\")\n                    else:\n                        message = value.get(\"message\", None)\n                except ValueError:\n                    pass\n    \n        exception_class: Type[WebDriverException]\n        e = ErrorCode()\n        error_codes = [item for item in dir(e) if not item.startswith(\"__\")]\n        for error_code in error_codes:\n            error_info = getattr(ErrorCode, error_code)\n            if isinstance(error_info, list) and status in error_info:\n                exception_class = getattr(ExceptionMapping, error_code, WebDriverException)\n                break\n        else:\n            exception_class = WebDriverException\n    \n        if not value:\n            value = response[\"value\"]\n        if isinstance(value, str):\n            raise exception_class(value)\n        if message == \"\" and \"message\" in value:\n            message = value[\"message\"]\n    \n        screen = None  # type: ignore[assignment]\n        if \"screen\" in value:\n            screen = value[\"screen\"]\n    \n        stacktrace = None\n        st_value = value.get(\"stackTrace\") or value.get(\"stacktrace\")\n        if st_value:\n            if isinstance(st_value, str):\n                stacktrace = st_value.split(\"\\n\")\n            else:\n                stacktrace = []\n                try:\n                    for frame in st_value:\n                        line = frame.get(\"lineNumber\", \"\")\n                        file = frame.get(\"fileName\", \"<anonymous>\")\n                        if line:\n                            file = f\"{file}:{line}\"\n                        meth = frame.get(\"methodName\", \"<anonymous>\")\n                        if \"className\" in frame:\n                            meth = f\"{frame['className']}.{meth}\"\n                        msg = \"    at %s (%s)\"\n                        msg = msg % (meth, file)\n                        stacktrace.append(msg)\n                except TypeError:\n                    pass\n        if exception_class == UnexpectedAlertPresentException:\n            alert_text = None\n            if \"data\" in value:\n                alert_text = value[\"data\"].get(\"text\")\n            elif \"alert\" in value:\n                alert_text = value[\"alert\"].get(\"text\")\n            raise exception_class(message, screen, stacktrace, alert_text)  # type: ignore[call-arg]  # mypy is not smart enough here\n>       raise exception_class(message, screen, stacktrace)\nE       selenium.common.exceptions.ElementClickInterceptedException: Message: element click intercepted: Element <a data-toggle=\"collapse\" data-parent=\"#accordian\" href=\"#Men\">...</a> is not clickable at point (59, 433). Other element would receive the click: <iframe id=\"aswift_3\" name=\"aswift_3\" style=\"min-height: auto !important; max-height: none !important; min-width: auto !important; max-width: none !important; width: 100vw !important; height: 100vh !important; inset: 0px auto auto 0px !important; position: absolute !important; clear: none !important; display: inline !important; float: none !important; margin: 0px !important; opacity: 1 !important; overflow: visible !important; padding: 0px !important; vertical-align: baseline !important; visibility: visible !important; z-index: auto !important;\" sandbox=\"allow-forms allow-popups allow-popups-to-escape-sandbox allow-same-origin allow-scripts allow-top-navigation-by-user-activation\" width=\"\" height=\"\" frameborder=\"0\" marginwidth=\"0\" marginheight=\"0\" vspace=\"0\" hspace=\"0\" allowtransparency=\"true\" scrolling=\"no\" allow=\"attribution-reporting; run-ad-auction\" src=\"https://googleads.g.doubleclick.net/pagead/html/r20260217/r20190131/zrt_lookup.html#RS-0-&amp;adk=1812271808&amp;client=ca-pub-1677597403311019&amp;fa=8&amp;ifi=4&amp;uci=a!4\" data-google-container-id=\"a!4\" tabindex=\"0\" title=\"Advertisement\" aria-label=\"Advertisement\" data-google-query-id=\"CIKdv-P25ZIDFcybpgMd6fEqBg\" data-load-complete=\"true\"></iframe>\nE         (Session info: chrome=145.0.7632.46)\nE       Stacktrace:\nE       Symbols not available. Dumping unresolved backtrace:\nE       \t0x7ff7c45c4435\nE       \t0x7ff7c45c4490\nE       \t0x7ff7c435d49d\nE       \t0x7ff7c43c0845\nE       \t0x7ff7c43bdf5a\nE       \t0x7ff7c43bade5\nE       \t0x7ff7c43b9c97\nE       \t0x7ff7c43ab1c6\nE       \t0x7ff7c43e17ca\nE       \t0x7ff7c43aaa46\nE       \t0x7ff7c4405728\nE       \t0x7ff7c43a8e38\nE       \t0x7ff7c43a9d23\nE       \t0x7ff7c4893b30\nE       \t0x7ff7c488e3b8\nE       \t0x7ff7c48ae72a\nE       \t0x7ff7c45e07e5\nE       \t0x7ff7c45e978c\nE       \t0x7ff7c45cd794\nE       \t0x7ff7c45cd946\nE       \t0x7ff7c45b3457\nE       \t0x7ff8cccce8d7\nE       \t0x7ff8cd40c40c\n\nvenv\\Lib\\site-packages\\selenium\\webdriver\\remote\\errorhandler.py:229: ElementClickInterceptedException\n\nDuring handling of the above exception, another exception occurred:\n\ndriver = <selenium.webdriver.chrome.webdriver.WebDriver (session=\"04d027b2b415079b5c8a0c768c0786e4\")>\n\n    def test_complete_e2e_flow(driver):\n    \n        # Complete Flow:\n        # 1. Launch application\n        # 2. Register new user\n        # 3. Login with created user\n        # 4. Search product\n        # 5. Add 2 products\n        # 6. Verify cart total\n        # 7. Checkout & Payment\n        # 8. Delete account\n        # 9. Validate deletion\n    \n    \n        home = HomePage(driver)\n        auth = AuthPage(driver)\n        products = ProductsPage(driver)\n        cart = CartPage(driver)\n        payment = PaymentPage(driver)\n    \n        # Step 1 Launch application\n        home.open_application()\n    \n        # Step 2 Register new user\n        home.go_to_login_page()\n        name, email = auth.signup()\n        password = auth.complete_registration(name)\n    \n        # assert auth.is_account_created()\n        auth.click_continue()\n    \n        # Step 3 Logout and Login again with created user\n        home.logout()\n        auth.login(email, password)\n    \n        # Step 4 Go to Products page\n        home.go_to_products_page()\n    \n        # Step 5 Add two different products\n>       products.add_men_and_women_products()\n\ntests\\test_Purchase_Flow.py:47: \n_ _ _ _ _ _ _ _ _ _ _ _ _ _ _ _ _ _ _ _ _ _ _ _ _ _ _ _ _ _ _ _ _ _ _ _ _ _ _ _\n\nself = <pages.Product_Page.ProductsPage object at 0x000001A5A46538C0>\n\n    def add_men_and_women_products(self):\n    \n        try:\n    \n            #  MEN FLOW\n    \n            WebDriverWait(self.driver, 10).until(\n                EC.element_to_be_clickable(self.MEN_EXPAND)\n            )\n            self.click(self.MEN_EXPAND)\n            print(\"Clicked Men category\")\n    \n            WebDriverWait(self.driver, 10).until(\n                EC.element_to_be_clickable(self.TSHIRT)\n            )\n            self.click(self.TSHIRT)\n            print(\"Selected Tshirts under Men\")\n    \n            first_product = WebDriverWait(self.driver, 10).until(\n                EC.element_to_be_clickable(self.VIEW_PRODUCTS)\n            )\n            first_product.click()\n            print(\"Opened first Men product\")\n    \n            WebDriverWait(self.driver, 10).until(\n                EC.element_to_be_clickable(self.ADD_TO_CART_BUTTON)\n            )\n            self.click(self.ADD_TO_CART_BUTTON)\n            print(\"Added Men product to cart\")\n    \n            WebDriverWait(self.driver, 10).until(\n                EC.element_to_be_clickable(self.CONTINUE_SHOPPING_BUTTON)\n            )\n            self.click(self.CONTINUE_SHOPPING_BUTTON)\n            print(\"Clicked Continue Shopping\")\n    \n    \n            #  WOMEN FLOW\n    \n    \n            WebDriverWait(self.driver, 10).until(\n                EC.element_to_be_clickable(self.WOMEN_EXPAND)\n            )\n            self.click(self.WOMEN_EXPAND)\n            print(\"Clicked Women category\")\n    \n            WebDriverWait(self.driver, 10).until(\n                EC.element_to_be_clickable(self.SAREE)\n            )\n            self.click(self.SAREE)\n            print(\"Selected Saree under Women\")\n    \n            first_product = WebDriverWait(self.driver, 10).until(\n                EC.element_to_be_clickable(self.VIEW_PRODUCTS)\n            )\n            first_product.click()\n            print(\"Opened first Women product\")\n    \n            WebDriverWait(self.driver, 10).until(\n                EC.element_to_be_clickable(self.ADD_TO_CART_BUTTON)\n            )\n            self.click(self.ADD_TO_CART_BUTTON)\n            print(\"Added Women product to cart\")\n    \n            WebDriverWait(self.driver, 10).until(\n                EC.element_to_be_clickable(self.CONTINUE_SHOPPING_BUTTON)\n            )\n            self.click(self.CONTINUE_SHOPPING_BUTTON)\n            print(\"Clicked Continue Shopping\")\n    \n            print(\"Successfully added Men and Women products\")\n    \n        except Exception as e:\n>           raise Exception(f\"Adding Men & Women products failed: {str(e)}\")\nE           Exception: Adding Men & Women products failed: Message: element click intercepted: Element <a data-toggle=\"collapse\" data-parent=\"#accordian\" href=\"#Men\">...</a> is not clickable at point (59, 433). Other element would receive the click: <iframe id=\"aswift_3\" name=\"aswift_3\" style=\"min-height: auto !important; max-height: none !important; min-width: auto !important; max-width: none !important; width: 100vw !important; height: 100vh !important; inset: 0px auto auto 0px !important; position: absolute !important; clear: none !important; display: inline !important; float: none !important; margin: 0px !important; opacity: 1 !important; overflow: visible !important; padding: 0px !important; vertical-align: baseline !important; visibility: visible !important; z-index: auto !important;\" sandbox=\"allow-forms allow-popups allow-popups-to-escape-sandbox allow-same-origin allow-scripts allow-top-navigation-by-user-activation\" width=\"\" height=\"\" frameborder=\"0\" marginwidth=\"0\" marginheight=\"0\" vspace=\"0\" hspace=\"0\" allowtransparency=\"true\" scrolling=\"no\" allow=\"attribution-reporting; run-ad-auction\" src=\"https://googleads.g.doubleclick.net/pagead/html/r20260217/r20190131/zrt_lookup.html#RS-0-&amp;adk=1812271808&amp;client=ca-pub-1677597403311019&amp;fa=8&amp;ifi=4&amp;uci=a!4\" data-google-container-id=\"a!4\" tabindex=\"0\" title=\"Advertisement\" aria-label=\"Advertisement\" data-google-query-id=\"CIKdv-P25ZIDFcybpgMd6fEqBg\" data-load-complete=\"true\"></iframe>\nE             (Session info: chrome=145.0.7632.46)\nE           Stacktrace:\nE           Symbols not available. Dumping unresolved backtrace:\nE           \t0x7ff7c45c4435\nE           \t0x7ff7c45c4490\nE           \t0x7ff7c435d49d\nE           \t0x7ff7c43c0845\nE           \t0x7ff7c43bdf5a\nE           \t0x7ff7c43bade5\nE           \t0x7ff7c43b9c97\nE           \t0x7ff7c43ab1c6\nE           \t0x7ff7c43e17ca\nE           \t0x7ff7c43aaa46\nE           \t0x7ff7c4405728\nE           \t0x7ff7c43a8e38\nE           \t0x7ff7c43a9d23\nE           \t0x7ff7c4893b30\nE           \t0x7ff7c488e3b8\nE           \t0x7ff7c48ae72a\nE           \t0x7ff7c45e07e5\nE           \t0x7ff7c45e978c\nE           \t0x7ff7c45cd794\nE           \t0x7ff7c45cd946\nE           \t0x7ff7c45b3457\nE           \t0x7ff8cccce8d7\nE           \t0x7ff8cd40c40c\n\npages\\Product_Page.py:146: Exception"}, "attachments": [{"name": "Failure Screenshot", "source": "73fbf0e1-d9cb-4179-adc7-b16701e683f7-attachment.png", "type": "image/png"}], "start": 1771516880189, "stop": 1771516916795, "uuid": "b17576b2-0bc4-4af7-aefc-e2029b5ac3a6", "historyId": "fe1796993b88603963cb9b963a3d7c7b", "testCaseId": "fe1796993b88603963cb9b963a3d7c7b", "fullName": "tests.test_Purchase_Flow#test_complete_e2e_flow", "labels": [{"name": "parentSuite", "value": "tests"}, {"name": "suite", "value": "test_Purchase_Flow"}, {"name": "host", "value": "Manoj-Kumar-QA"}, {"name": "thread", "value": "49948-MainThread"}, {"name": "framework", "value": "pytest"}, {"name": "language", "value": "cpython3"}, {"name": "package", "value": "tests.test_Purchase_Flow"}]}